[2017-09-27 14:28:30.589] [DEBUG] debug - Role {
  dataValues: 
   { uuid: '5b5597a5-c061-425a-abc3-e67fc2fdaf47',
     role_name: 'Moderator',
     updatedAt: 2017-09-27T11:28:30.568Z,
     createdAt: 2017-09-27T11:28:30.568Z },
  _previousDataValues: 
   { role_name: 'Moderator',
     uuid: '5b5597a5-c061-425a-abc3-e67fc2fdaf47',
     createdAt: 2017-09-27T11:28:30.568Z,
     updatedAt: 2017-09-27T11:28:30.568Z },
  _changed: 
   { role_name: false,
     uuid: false,
     createdAt: false,
     updatedAt: false },
  _modelOptions: 
   { timestamps: true,
     validate: {},
     freezeTableName: false,
     underscored: false,
     underscoredAll: false,
     paranoid: false,
     rejectOnEmpty: false,
     whereCollection: null,
     schema: null,
     schemaDelimiter: '',
     defaultScope: {},
     scopes: [],
     hooks: {},
     indexes: [],
     name: { plural: 'Roles', singular: 'Role' },
     omitNull: false,
     classMethods: { associate: [Function: associate] },
     sequelize: 
      Sequelize {
        options: [Object],
        config: [Object],
        dialect: [Object],
        queryInterface: [Object],
        models: [Object],
        modelManager: [Object],
        connectionManager: [Object],
        importCache: [Object],
        test: [Object] },
     uniqueKeys: {} },
  _options: 
   { isNewRecord: true,
     _schema: null,
     _schemaDelimiter: '',
     attributes: undefined,
     include: undefined,
     raw: undefined,
     silent: undefined },
  __eagerlyLoadedAssociations: [],
  isNewRecord: false }
[2017-09-27 14:30:07.245] [DEBUG] debug - Role {
  dataValues: 
   { uuid: 'b2f99f98-fa18-4da2-ba6d-901c41220bb1',
     role_name: 'Moderator',
     updatedAt: 2017-09-27T11:30:07.225Z,
     createdAt: 2017-09-27T11:30:07.225Z },
  _previousDataValues: 
   { role_name: 'Moderator',
     uuid: 'b2f99f98-fa18-4da2-ba6d-901c41220bb1',
     createdAt: 2017-09-27T11:30:07.225Z,
     updatedAt: 2017-09-27T11:30:07.225Z },
  _changed: 
   { role_name: false,
     uuid: false,
     createdAt: false,
     updatedAt: false },
  _modelOptions: 
   { timestamps: true,
     validate: {},
     freezeTableName: false,
     underscored: false,
     underscoredAll: false,
     paranoid: false,
     rejectOnEmpty: false,
     whereCollection: null,
     schema: null,
     schemaDelimiter: '',
     defaultScope: {},
     scopes: [],
     hooks: {},
     indexes: [],
     name: { plural: 'Roles', singular: 'Role' },
     omitNull: false,
     classMethods: { associate: [Function: associate] },
     sequelize: 
      Sequelize {
        options: [Object],
        config: [Object],
        dialect: [Object],
        queryInterface: [Object],
        models: [Object],
        modelManager: [Object],
        connectionManager: [Object],
        importCache: [Object],
        test: [Object] },
     uniqueKeys: {} },
  _options: 
   { isNewRecord: true,
     _schema: null,
     _schemaDelimiter: '',
     attributes: undefined,
     include: undefined,
     raw: undefined,
     silent: undefined },
  __eagerlyLoadedAssociations: [],
  isNewRecord: false }
